<?xml version="1.0" encoding="UTF-8"?>
<!-- Generated by org.testng.reporters.JUnitXMLReporter -->
<testsuite hostname="RAJESH-PC" ignored="0" name="Default test" tests="4" failures="0" timestamp="28 Apr 2019 05:51:28 GMT" time="14.012" errors="0">
  <testcase name="verifyLoginTitleTC001" time="0.055" classname="vtiger.tests.LoginTest"/>
  <testcase name="verifyLoginlogoTC002" time="5.405" classname="vtiger.tests.LoginTest"/>
  <testcase name="verifyLoginInValid_TC03" time="0.752" classname="vtiger.tests.LoginTest"/>
  <testcase name="verifyLoginValid_TC04" time="2.756" classname="vtiger.tests.LoginTest"/>
</testsuite> <!-- Default test -->
