<?xml version="1.0" encoding="UTF-8"?>
<!-- Generated by org.testng.reporters.JUnitXMLReporter -->
<testsuite hostname="RAJESH-PC" ignored="3" name="Test" tests="2" failures="0" timestamp="04 May 2019 06:43:29 GMT" time="16.856" errors="0">
  <testcase name="verifyLoginValid_TC04" time="3.028" classname="vtiger.tests.LoginTest"/>
  <testcase name="CreateLeadTC005" time="6.001" classname="vtiger.tests.LeadsTest"/>
  <testcase name="verifyLoginInValid_TC03" time="0.0" classname="vtiger.tests.LoginTest">
    <ignored/>
  </testcase> <!-- verifyLoginInValid_TC03 -->
  <testcase name="verifyLoginlogoTC002" time="0.0" classname="vtiger.tests.LoginTest">
    <ignored/>
  </testcase> <!-- verifyLoginlogoTC002 -->
  <testcase name="verifyLoginTitleTC001" time="0.0" classname="vtiger.tests.LoginTest">
    <ignored/>
  </testcase> <!-- verifyLoginTitleTC001 -->
</testsuite> <!-- Test -->
