<?xml version="1.0" encoding="UTF-8"?>
<testng-results skipped="0" failed="0" ignored="3" total="5" passed="2">
  <reporter-output>
  </reporter-output>
  <suite name="Suite" duration-ms="16856" started-at="2019-05-04T06:43:12Z" finished-at="2019-05-04T06:43:29Z">
    <groups>
      <group name="Sanity">
        <method signature="LeadsTest.CreateLeadTC005()[pri:0, instance:vtiger.tests.LeadsTest@7f674d]" name="CreateLeadTC005" class="vtiger.tests.LeadsTest"/>
        <method signature="LoginTest.verifyLoginValid_TC04()[pri:0, instance:vtiger.tests.LoginTest@203ea1]" name="verifyLoginValid_TC04" class="vtiger.tests.LoginTest"/>
      </group> <!-- Sanity -->
      <group name="regression">
        <method signature="LeadsTest.CreateLeadTC005()[pri:0, instance:vtiger.tests.LeadsTest@7f674d]" name="CreateLeadTC005" class="vtiger.tests.LeadsTest"/>
        <method signature="LoginTest.verifyLoginValid_TC04()[pri:0, instance:vtiger.tests.LoginTest@203ea1]" name="verifyLoginValid_TC04" class="vtiger.tests.LoginTest"/>
      </group> <!-- regression -->
      <group name="Smoke">
        <method signature="LoginTest.verifyLoginValid_TC04()[pri:0, instance:vtiger.tests.LoginTest@203ea1]" name="verifyLoginValid_TC04" class="vtiger.tests.LoginTest"/>
      </group> <!-- Smoke -->
    </groups>
    <test name="Test" duration-ms="16856" started-at="2019-05-04T06:43:12Z" finished-at="2019-05-04T06:43:29Z">
      <class name="vtiger.tests.LoginTest">
        <test-method status="PASS" signature="Start()[pri:0, instance:vtiger.tests.LoginTest@203ea1]" name="Start" is-config="true" duration-ms="4700" started-at="2019-05-04T06:43:12Z" finished-at="2019-05-04T06:43:17Z">
          <reporter-output>
          </reporter-output>
        </test-method> <!-- Start -->
        <test-method status="PASS" signature="verifyLoginValid_TC04()[pri:0, instance:vtiger.tests.LoginTest@203ea1]" name="verifyLoginValid_TC04" duration-ms="3028" started-at="2019-05-04T06:43:17Z" finished-at="2019-05-04T06:43:20Z">
          <reporter-output>
          </reporter-output>
        </test-method> <!-- verifyLoginValid_TC04 -->
      </class> <!-- vtiger.tests.LoginTest -->
      <class name="vtiger.tests.LeadsTest">
        <test-method status="PASS" signature="Start()[pri:0, instance:vtiger.tests.LeadsTest@7f674d]" name="Start" is-config="true" duration-ms="3100" started-at="2019-05-04T06:43:20Z" finished-at="2019-05-04T06:43:23Z">
          <reporter-output>
          </reporter-output>
        </test-method> <!-- Start -->
        <test-method status="PASS" signature="CreateLeadTC005()[pri:0, instance:vtiger.tests.LeadsTest@7f674d]" name="CreateLeadTC005" duration-ms="6001" started-at="2019-05-04T06:43:23Z" finished-at="2019-05-04T06:43:29Z">
          <reporter-output>
          </reporter-output>
        </test-method> <!-- CreateLeadTC005 -->
      </class> <!-- vtiger.tests.LeadsTest -->
    </test> <!-- Test -->
  </suite> <!-- Suite -->
</testng-results>
