<?xml version="1.0" encoding="UTF-8"?>
<testng-results skipped="0" failed="0" ignored="0" total="4" passed="4">
  <reporter-output>
  </reporter-output>
  <suite name="Default suite" duration-ms="14012" started-at="2019-04-28T05:51:14Z" finished-at="2019-04-28T05:51:28Z">
    <groups>
    </groups>
    <test name="Default test" duration-ms="14012" started-at="2019-04-28T05:51:14Z" finished-at="2019-04-28T05:51:28Z">
      <class name="vtiger.tests.LoginTest">
        <test-method status="PASS" signature="Start()[pri:0, instance:vtiger.tests.LoginTest@1774679]" name="Start" is-config="true" duration-ms="4264" started-at="2019-04-28T05:51:14Z" finished-at="2019-04-28T05:51:18Z">
          <reporter-output>
          </reporter-output>
        </test-method> <!-- Start -->
        <test-method status="PASS" signature="verifyLoginTitleTC001()[pri:1, instance:vtiger.tests.LoginTest@1774679]" name="verifyLoginTitleTC001" duration-ms="55" started-at="2019-04-28T05:51:18Z" finished-at="2019-04-28T05:51:18Z">
          <reporter-output>
          </reporter-output>
        </test-method> <!-- verifyLoginTitleTC001 -->
        <test-method status="PASS" signature="verifyLoginlogoTC002()[pri:2, instance:vtiger.tests.LoginTest@1774679]" name="verifyLoginlogoTC002" duration-ms="5405" started-at="2019-04-28T05:51:18Z" finished-at="2019-04-28T05:51:24Z">
          <reporter-output>
          </reporter-output>
        </test-method> <!-- verifyLoginlogoTC002 -->
        <test-method status="PASS" signature="verifyLoginInValid_TC03()[pri:3, instance:vtiger.tests.LoginTest@1774679]" name="verifyLoginInValid_TC03" duration-ms="752" started-at="2019-04-28T05:51:24Z" finished-at="2019-04-28T05:51:24Z">
          <reporter-output>
          </reporter-output>
        </test-method> <!-- verifyLoginInValid_TC03 -->
        <test-method status="PASS" signature="verifyLoginValid_TC04()[pri:4, instance:vtiger.tests.LoginTest@1774679]" name="verifyLoginValid_TC04" duration-ms="2756" started-at="2019-04-28T05:51:24Z" finished-at="2019-04-28T05:51:27Z">
          <reporter-output>
          </reporter-output>
        </test-method> <!-- verifyLoginValid_TC04 -->
        <test-method status="PASS" signature="closeapp()[pri:0, instance:vtiger.tests.LoginTest@1774679]" name="closeapp" is-config="true" duration-ms="727" started-at="2019-04-28T05:51:27Z" finished-at="2019-04-28T05:51:28Z">
          <reporter-output>
          </reporter-output>
        </test-method> <!-- closeapp -->
      </class> <!-- vtiger.tests.LoginTest -->
    </test> <!-- Default test -->
  </suite> <!-- Default suite -->
</testng-results>
